<?xml version="1.0" encoding="UTF-8"?>
<testsuite name="PlantTest" tests="2" skipped="0" failures="0" errors="0" timestamp="2019-12-01T02:13:50" hostname="HOFI-PC" time="0.002">
  <properties/>
  <testcase name="planterasegrowthtest()" classname="PlantTest" time="0.001"/>
  <testcase name="plantgrowtest()" classname="PlantTest" time="0.0"/>
  <system-out><![CDATA[]]></system-out>
  <system-err><![CDATA[]]></system-err>
</testsuite>
