<?xml version="1.0" encoding="UTF-8"?>
<testsuite name="PlayerTest" tests="4" skipped="0" failures="0" errors="0" timestamp="2019-12-01T02:13:50" hostname="HOFI-PC" time="0.012">
  <properties/>
  <testcase name="playergrowingtest()" classname="PlayerTest" time="0.001"/>
  <testcase name="nulltest()" classname="PlayerTest" time="0.001"/>
  <testcase name="playersavetest()" classname="PlayerTest" time="0.006"/>
  <testcase name="playerplantingtest()" classname="PlayerTest" time="0.001"/>
  <system-out><![CDATA[]]></system-out>
  <system-err><![CDATA[]]></system-err>
</testsuite>
