<?xml version="1.0" encoding="UTF-8"?>
<testsuite name="PlayerTest" tests="4" skipped="0" failures="0" errors="0" timestamp="2019-11-30T22:46:01" hostname="HOFI-LAPTOP" time="0.021">
  <properties/>
  <testcase name="playergrowingtest()" classname="PlayerTest" time="0.0"/>
  <testcase name="nulltest()" classname="PlayerTest" time="0.001"/>
  <testcase name="playersavetest()" classname="PlayerTest" time="0.016"/>
  <testcase name="playerplantingtest()" classname="PlayerTest" time="0.0"/>
  <system-out><![CDATA[]]></system-out>
  <system-err><![CDATA[]]></system-err>
</testsuite>
