<?xml version="1.0" encoding="UTF-8"?>
<testsuite name="PlantTest" tests="2" skipped="0" failures="0" errors="0" timestamp="2019-11-30T22:46:01" hostname="HOFI-LAPTOP" time="0.003">
  <properties/>
  <testcase name="planterasegrowthtest()" classname="PlantTest" time="0.001"/>
  <testcase name="plantgrowtest()" classname="PlantTest" time="0.001"/>
  <system-out><![CDATA[]]></system-out>
  <system-err><![CDATA[]]></system-err>
</testsuite>
